Determining if the pthread_create exist failed with the following output:
Change Dir: /home/varun/project_ws/build/landing_uav/CMakeFiles/CMakeTmp

Run Build Command:"/usr/bin/make" "cmTC_5ff17/fast"
/usr/bin/make -f CMakeFiles/cmTC_5ff17.dir/build.make CMakeFiles/cmTC_5ff17.dir/build
make[1]: Entering directory '/home/varun/project_ws/build/landing_uav/CMakeFiles/CMakeTmp'
Building C object CMakeFiles/cmTC_5ff17.dir/CheckSymbolExists.c.o
/usr/bin/cc    -o CMakeFiles/cmTC_5ff17.dir/CheckSymbolExists.c.o   -c /home/varun/project_ws/build/landing_uav/CMakeFiles/CMakeTmp/CheckSymbolExists.c
Linking C executable cmTC_5ff17
/usr/bin/cmake -E cmake_link_script CMakeFiles/cmTC_5ff17.dir/link.txt --verbose=1
/usr/bin/cc      -rdynamic CMakeFiles/cmTC_5ff17.dir/CheckSymbolExists.c.o  -o cmTC_5ff17 
CMakeFiles/cmTC_5ff17.dir/CheckSymbolExists.c.o: In function `main':
CheckSymbolExists.c:(.text+0x1b): undefined reference to `pthread_create'
collect2: error: ld returned 1 exit status
CMakeFiles/cmTC_5ff17.dir/build.make:97: recipe for target 'cmTC_5ff17' failed
make[1]: *** [cmTC_5ff17] Error 1
make[1]: Leaving directory '/home/varun/project_ws/build/landing_uav/CMakeFiles/CMakeTmp'
Makefile:126: recipe for target 'cmTC_5ff17/fast' failed
make: *** [cmTC_5ff17/fast] Error 2

File /home/varun/project_ws/build/landing_uav/CMakeFiles/CMakeTmp/CheckSymbolExists.c:
/* */
#include <pthread.h>

int main(int argc, char** argv)
{
  (void)argv;
#ifndef pthread_create
  return ((int*)(&pthread_create))[argc];
#else
  (void)argc;
  return 0;
#endif
}

Determining if the function pthread_create exists in the pthreads failed with the following output:
Change Dir: /home/varun/project_ws/build/landing_uav/CMakeFiles/CMakeTmp

Run Build Command:"/usr/bin/make" "cmTC_a6fb2/fast"
/usr/bin/make -f CMakeFiles/cmTC_a6fb2.dir/build.make CMakeFiles/cmTC_a6fb2.dir/build
make[1]: Entering directory '/home/varun/project_ws/build/landing_uav/CMakeFiles/CMakeTmp'
Building C object CMakeFiles/cmTC_a6fb2.dir/CheckFunctionExists.c.o
/usr/bin/cc   -DCHECK_FUNCTION_EXISTS=pthread_create   -o CMakeFiles/cmTC_a6fb2.dir/CheckFunctionExists.c.o   -c /usr/share/cmake-3.10/Modules/CheckFunctionExists.c
Linking C executable cmTC_a6fb2
/usr/bin/cmake -E cmake_link_script CMakeFiles/cmTC_a6fb2.dir/link.txt --verbose=1
/usr/bin/cc  -DCHECK_FUNCTION_EXISTS=pthread_create    -rdynamic CMakeFiles/cmTC_a6fb2.dir/CheckFunctionExists.c.o  -o cmTC_a6fb2 -lpthreads 
/usr/bin/ld: cannot find -lpthreads
collect2: error: ld returned 1 exit status
CMakeFiles/cmTC_a6fb2.dir/build.make:97: recipe for target 'cmTC_a6fb2' failed
make[1]: *** [cmTC_a6fb2] Error 1
make[1]: Leaving directory '/home/varun/project_ws/build/landing_uav/CMakeFiles/CMakeTmp'
Makefile:126: recipe for target 'cmTC_a6fb2/fast' failed
make: *** [cmTC_a6fb2/fast] Error 2


