Determining if the pthread_create exist failed with the following output:
Change Dir: /home/pranavkumar14/Documents/aerial_robo/projet_ros/build/rotors_control/CMakeFiles/CMakeTmp

Run Build Command:"/usr/bin/make" "cmTC_3605a/fast"
/usr/bin/make -f CMakeFiles/cmTC_3605a.dir/build.make CMakeFiles/cmTC_3605a.dir/build
make[1]: Entering directory '/home/pranavkumar14/Documents/aerial_robo/projet_ros/build/rotors_control/CMakeFiles/CMakeTmp'
Building C object CMakeFiles/cmTC_3605a.dir/CheckSymbolExists.c.o
/usr/bin/cc    -o CMakeFiles/cmTC_3605a.dir/CheckSymbolExists.c.o   -c /home/pranavkumar14/Documents/aerial_robo/projet_ros/build/rotors_control/CMakeFiles/CMakeTmp/CheckSymbolExists.c
Linking C executable cmTC_3605a
/usr/bin/cmake -E cmake_link_script CMakeFiles/cmTC_3605a.dir/link.txt --verbose=1
/usr/bin/cc      -rdynamic CMakeFiles/cmTC_3605a.dir/CheckSymbolExists.c.o  -o cmTC_3605a 
CMakeFiles/cmTC_3605a.dir/CheckSymbolExists.c.o: In function `main':
CheckSymbolExists.c:(.text+0x1b): undefined reference to `pthread_create'
collect2: error: ld returned 1 exit status
CMakeFiles/cmTC_3605a.dir/build.make:97: recipe for target 'cmTC_3605a' failed
make[1]: *** [cmTC_3605a] Error 1
make[1]: Leaving directory '/home/pranavkumar14/Documents/aerial_robo/projet_ros/build/rotors_control/CMakeFiles/CMakeTmp'
Makefile:126: recipe for target 'cmTC_3605a/fast' failed
make: *** [cmTC_3605a/fast] Error 2

File /home/pranavkumar14/Documents/aerial_robo/projet_ros/build/rotors_control/CMakeFiles/CMakeTmp/CheckSymbolExists.c:
/* */
#include <pthread.h>

int main(int argc, char** argv)
{
  (void)argv;
#ifndef pthread_create
  return ((int*)(&pthread_create))[argc];
#else
  (void)argc;
  return 0;
#endif
}

Determining if the function pthread_create exists in the pthreads failed with the following output:
Change Dir: /home/pranavkumar14/Documents/aerial_robo/projet_ros/build/rotors_control/CMakeFiles/CMakeTmp

Run Build Command:"/usr/bin/make" "cmTC_a6275/fast"
/usr/bin/make -f CMakeFiles/cmTC_a6275.dir/build.make CMakeFiles/cmTC_a6275.dir/build
make[1]: Entering directory '/home/pranavkumar14/Documents/aerial_robo/projet_ros/build/rotors_control/CMakeFiles/CMakeTmp'
Building C object CMakeFiles/cmTC_a6275.dir/CheckFunctionExists.c.o
/usr/bin/cc   -DCHECK_FUNCTION_EXISTS=pthread_create   -o CMakeFiles/cmTC_a6275.dir/CheckFunctionExists.c.o   -c /usr/share/cmake-3.10/Modules/CheckFunctionExists.c
Linking C executable cmTC_a6275
/usr/bin/cmake -E cmake_link_script CMakeFiles/cmTC_a6275.dir/link.txt --verbose=1
/usr/bin/cc  -DCHECK_FUNCTION_EXISTS=pthread_create    -rdynamic CMakeFiles/cmTC_a6275.dir/CheckFunctionExists.c.o  -o cmTC_a6275 -lpthreads 
/usr/bin/ld: cannot find -lpthreads
collect2: error: ld returned 1 exit status
CMakeFiles/cmTC_a6275.dir/build.make:97: recipe for target 'cmTC_a6275' failed
make[1]: *** [cmTC_a6275] Error 1
make[1]: Leaving directory '/home/pranavkumar14/Documents/aerial_robo/projet_ros/build/rotors_control/CMakeFiles/CMakeTmp'
Makefile:126: recipe for target 'cmTC_a6275/fast' failed
make: *** [cmTC_a6275/fast] Error 2


