[36m--[0m PX4 version: v1.10.0
[36m--[0m PX4 config file: /home/pranavkumar14/Documents/aerial_robo/projet_ros/src/Firmware/boards/px4/sitl/default.cmake
[36m--[0m PX4 config: px4_sitl_default
[36m--[0m PX4 platform: posix
[36m--[0m PX4 lockstep: enabled
[36m--[0m cmake build type: RelWithDebInfo
[36m--[0m ccache enabled (export CCACHE_DISABLE=1 to disable)
[36m--[0m catkin ENABLED
[36m--[0m Using CATKIN_DEVEL_PREFIX: /home/pranavkumar14/Documents/aerial_robo/projet_ros/devel/.private/px4
[36m--[0m Using CMAKE_PREFIX_PATH: /home/pranavkumar14/Documents/aerial_robo/projet_ros/devel;/opt/ros/melodic
[36m--[0m This workspace overlays: /home/pranavkumar14/Documents/aerial_robo/projet_ros/devel;/opt/ros/melodic
[36m--[0m Found PythonInterp: /usr/bin/python2 (found suitable version "2.7.17", minimum required is "2")
[36m--[0m Using PYTHON_EXECUTABLE: /usr/bin/python2
[36m--[0m Using Debian Python package layout
[36m--[0m Using empy: /usr/bin/empy
[36m--[0m Using CATKIN_ENABLE_TESTING: ON
[36m--[0m Call enable_testing()
[36m--[0m Using CATKIN_TEST_RESULTS_DIR: /home/pranavkumar14/Documents/aerial_robo/projet_ros/build/px4/test_results
[36m--[0m Found gtest sources under '/usr/src/googletest': gtests will be built
[36m--[0m Found gmock sources under '/usr/src/googletest': gmock will be built
[36m--[0m Found PythonInterp: /usr/bin/python2 (found version "2.7.17")
[36m--[0m Using Python nosetests: /usr/bin/nosetests-2.7
[36m--[0m catkin 0.7.20
[36m--[0m BUILD_SHARED_LIBS is off
[36m--[0m PX4 ECL: Very lightweight Estimation & Control Library v1.9.0-rc1-64-gdec1ed0
[31m[1mCMake Error[0m at /home/pranavkumar14/Documents/aerial_robo/projet_ros/src/Firmware/cmake/px4_add_module.cmake:205 (get_target_property):
  get_target_property() called with non-existent target
  "df_driver_framework".
[36mCall Stack (most recent call first):[0m
  src/modules/commander/CMakeLists.txt:36 (px4_add_module)


[36m--[0m Configuring incomplete, errors occurred!
See also "/home/pranavkumar14/Documents/aerial_robo/projet_ros/build/px4/CMakeFiles/CMakeOutput.log".
See also "/home/pranavkumar14/Documents/aerial_robo/projet_ros/build/px4/CMakeFiles/CMakeError.log".
Makefile:7820: recipe for target 'cmake_check_build_system' failed
make: *** [cmake_check_build_system] Error 1
