Symlinking /home/pranavkumar14/Documents/aerial_robo/projet_ros/devel/lib/libsystemcmds__motor_test.a
Symlinking /home/pranavkumar14/Documents/aerial_robo/projet_ros/devel/lib/libFlightTaskManualPositionSmooth.a
Symlinking /home/pranavkumar14/Documents/aerial_robo/projet_ros/devel/lib/libmodules__camera_feedback.a
Symlinking /home/pranavkumar14/Documents/aerial_robo/projet_ros/devel/lib/libexamples__fixedwing_control.a
Symlinking /home/pranavkumar14/Documents/aerial_robo/projet_ros/devel/lib/libsystemcmds__topic_listener.a
Symlinking /home/pranavkumar14/Documents/aerial_robo/projet_ros/devel/lib/libmodules__simulator.a
Symlinking /home/pranavkumar14/Documents/aerial_robo/projet_ros/devel/lib/libdrivers__ledsim.a
Symlinking /home/pranavkumar14/Documents/aerial_robo/projet_ros/devel/lib/libpx4_layer.a
Symlinking /home/pranavkumar14/Documents/aerial_robo/projet_ros/devel/lib/libexamples__hello.a
Symlinking /home/pranavkumar14/Documents/aerial_robo/projet_ros/devel/lib/libFlightTaskUtility.a
Symlinking /home/pranavkumar14/Documents/aerial_robo/projet_ros/devel/lib/libsystemcmds__ver.a
Symlinking /home/pranavkumar14/Documents/aerial_robo/projet_ros/devel/lib/libfailure_detector.a
Symlinking /home/pranavkumar14/Documents/aerial_robo/projet_ros/devel/lib/libdrivers_board.a
Symlinking /home/pranavkumar14/Documents/aerial_robo/projet_ros/devel/lib/libdrivers_gyroscope.a
Symlinking /home/pranavkumar14/Documents/aerial_robo/projet_ros/devel/lib/libmodules__vtol_att_control.a
Symlinking /home/pranavkumar14/Documents/aerial_robo/projet_ros/devel/lib/libFlightTaskManual.a
Symlinking /home/pranavkumar14/Documents/aerial_robo/projet_ros/devel/lib/librc.a
Symlinking /home/pranavkumar14/Documents/aerial_robo/projet_ros/devel/lib/libFlightTaskManualAltitudeSmooth.a
Symlinking /home/pranavkumar14/Documents/aerial_robo/projet_ros/devel/lib/libsystemcmds__reboot.a
Symlinking /home/pranavkumar14/Documents/aerial_robo/projet_ros/devel/lib/libFlightTasks.a
Symlinking /home/pranavkumar14/Documents/aerial_robo/projet_ros/devel/lib/libcdev.a
Symlinking /home/pranavkumar14/Documents/aerial_robo/projet_ros/devel/lib/libFlightTaskManualAltitudeSmoothVel.a
Symlinking /home/pranavkumar14/Documents/aerial_robo/projet_ros/devel/lib/libpx4_platform.a
Symlinking /home/pranavkumar14/Documents/aerial_robo/projet_ros/devel/lib/libFlightTaskAutoMapper.a
Symlinking /home/pranavkumar14/Documents/aerial_robo/projet_ros/devel/lib/libmodules__landing_target_estimator.a
Symlinking /home/pranavkumar14/Documents/aerial_robo/projet_ros/devel/lib/libcircuit_breaker.a
Symlinking /home/pranavkumar14/Documents/aerial_robo/projet_ros/devel/lib/libsystemcmds__shutdown.a
Symlinking /home/pranavkumar14/Documents/aerial_robo/projet_ros/devel/lib/liboutput_limit.a
Symlinking /home/pranavkumar14/Documents/aerial_robo/projet_ros/devel/lib/libFlightTaskAutoFollowMe.a
Symlinking /home/pranavkumar14/Documents/aerial_robo/projet_ros/devel/lib/libbattery.a
Symlinking /home/pranavkumar14/Documents/aerial_robo/projet_ros/devel/lib/libhysteresis.a
Symlinking /home/pranavkumar14/Documents/aerial_robo/projet_ros/devel/lib/libsystemcmds__work_queue.a
Symlinking /home/pranavkumar14/Documents/aerial_robo/projet_ros/devel/lib/libdrivers__tone_alarm.a
Symlinking /home/pranavkumar14/Documents/aerial_robo/projet_ros/devel/lib/libAirspeedValidator.a
Symlinking /home/pranavkumar14/Documents/aerial_robo/projet_ros/devel/lib/libsystemcmds__pwm.a
Symlinking /home/pranavkumar14/Documents/aerial_robo/projet_ros/devel/lib/libconversion.a
Symlinking /home/pranavkumar14/Documents/aerial_robo/projet_ros/devel/lib/libsystemcmds__led_control.a
Symlinking /home/pranavkumar14/Documents/aerial_robo/projet_ros/devel/lib/libtunes.a
Symlinking /home/pranavkumar14/Documents/aerial_robo/projet_ros/devel/lib/libdrivers__pwm_out_sim.a
Symlinking /home/pranavkumar14/Documents/aerial_robo/projet_ros/devel/lib/libairspeed.a
Symlinking /home/pranavkumar14/Documents/aerial_robo/projet_ros/devel/lib/libmodules__logger.a
Symlinking /home/pranavkumar14/Documents/aerial_robo/projet_ros/devel/lib/libmixer_module.a
Symlinking /home/pranavkumar14/Documents/aerial_robo/projet_ros/devel/lib/libCollisionPrevention.a
Symlinking /home/pranavkumar14/Documents/aerial_robo/projet_ros/devel/lib/libmodules__airspeed_selector.a
Symlinking /home/pranavkumar14/Documents/aerial_robo/projet_ros/devel/lib/libmodules__uORB.a
Symlinking /home/pranavkumar14/Documents/aerial_robo/projet_ros/devel/lib/libdrivers__camera_trigger.a
Symlinking /home/pranavkumar14/Documents/aerial_robo/projet_ros/devel/lib/libparameters.a
Symlinking /home/pranavkumar14/Documents/aerial_robo/projet_ros/devel/lib/libmodules__commander.a
Symlinking /home/pranavkumar14/Documents/aerial_robo/projet_ros/devel/lib/libdrivers__gpssim.a
Symlinking /home/pranavkumar14/Documents/aerial_robo/projet_ros/devel/lib/liblib__work_queue__test__wqueue_test.a
Symlinking /home/pranavkumar14/Documents/aerial_robo/projet_ros/devel/lib/liblib__cdev__test__cdev_test.a
Symlinking /home/pranavkumar14/Documents/aerial_robo/projet_ros/devel/lib/examples__dyn_hello.px4mod
Symlinking /home/pranavkumar14/Documents/aerial_robo/projet_ros/devel/lib/libFlightTaskManualAltitude.a
Symlinking /home/pranavkumar14/Documents/aerial_robo/projet_ros/devel/lib/libversion.a
Symlinking /home/pranavkumar14/Documents/aerial_robo/projet_ros/devel/lib/librunway_takeoff.a
Symlinking /home/pranavkumar14/Documents/aerial_robo/projet_ros/devel/lib/libFlightTaskFailsafe.a
Symlinking /home/pranavkumar14/Documents/aerial_robo/projet_ros/devel/lib/libFlightTask.a
Symlinking /home/pranavkumar14/Documents/aerial_robo/projet_ros/devel/lib/libmathlib.a
Symlinking /home/pranavkumar14/Documents/aerial_robo/projet_ros/devel/lib/libecl_validation.a
Symlinking /home/pranavkumar14/Documents/aerial_robo/projet_ros/devel/lib/libpx4_work_queue.a
Symlinking /home/pranavkumar14/Documents/aerial_robo/projet_ros/devel/lib/libperf.a
Symlinking /home/pranavkumar14/Documents/aerial_robo/projet_ros/devel/lib/libFlightTaskOrbit.a
Symlinking /home/pranavkumar14/Documents/aerial_robo/projet_ros/devel/lib/libsystemcmds__dyn.a
Symlinking /home/pranavkumar14/Documents/aerial_robo/projet_ros/devel/lib/libmodules__mavlink.a
Symlinking /home/pranavkumar14/Documents/aerial_robo/projet_ros/devel/lib/libsystemcmds__perf.a
Symlinking /home/pranavkumar14/Documents/aerial_robo/projet_ros/devel/lib/libexamples__px4_mavlink_debug.a
Symlinking /home/pranavkumar14/Documents/aerial_robo/projet_ros/devel/lib/libmodules__replay.a
Symlinking /home/pranavkumar14/Documents/aerial_robo/projet_ros/devel/lib/libFlightTaskManualPositionSmoothVel.a
Symlinking /home/pranavkumar14/Documents/aerial_robo/projet_ros/devel/lib/libmodules__events.a
Symlinking /home/pranavkumar14/Documents/aerial_robo/projet_ros/devel/lib/libFlightTaskDescend.a
Symlinking /home/pranavkumar14/Documents/aerial_robo/projet_ros/devel/lib/libecl_tecs.a
Symlinking /home/pranavkumar14/Documents/aerial_robo/projet_ros/devel/lib/libmodules__mc_pos_control.a
Symlinking /home/pranavkumar14/Documents/aerial_robo/projet_ros/devel/lib/libsystemcmds__sd_bench.a
Symlinking /home/pranavkumar14/Documents/aerial_robo/projet_ros/devel/lib/libRateControl.a
Symlinking /home/pranavkumar14/Documents/aerial_robo/projet_ros/devel/lib/libdrivers_barometer.a
Symlinking /home/pranavkumar14/Documents/aerial_robo/projet_ros/devel/lib/libecl_geo_lookup.a
Symlinking /home/pranavkumar14/Documents/aerial_robo/projet_ros/devel/lib/libmodules__ekf2.a
Symlinking /home/pranavkumar14/Documents/aerial_robo/projet_ros/devel/lib/libsystemcmds__param.a
Symlinking /home/pranavkumar14/Documents/aerial_robo/projet_ros/devel/lib/liblib__controllib__controllib_test.a
Symlinking /home/pranavkumar14/Documents/aerial_robo/projet_ros/devel/lib/libEkf2Utility.a
Symlinking /home/pranavkumar14/Documents/aerial_robo/projet_ros/devel/lib/libexamples__px4_simple_app.a
Symlinking /home/pranavkumar14/Documents/aerial_robo/projet_ros/devel/lib/libmodules__land_detector.a
Symlinking /home/pranavkumar14/Documents/aerial_robo/projet_ros/devel/lib/libmodules__mc_att_control.a
Symlinking /home/pranavkumar14/Documents/aerial_robo/projet_ros/devel/lib/libdrivers__device.a
Symlinking /home/pranavkumar14/Documents/aerial_robo/projet_ros/devel/lib/libFlightTaskAutoLine.a
Symlinking /home/pranavkumar14/Documents/aerial_robo/projet_ros/devel/lib/libmodules__navigator.a
Symlinking /home/pranavkumar14/Documents/aerial_robo/projet_ros/devel/lib/libmodules__local_position_estimator.a
Symlinking /home/pranavkumar14/Documents/aerial_robo/projet_ros/devel/lib/libpid.a
Symlinking /home/pranavkumar14/Documents/aerial_robo/projet_ros/devel/lib/libarch_tone_alarm.a
Symlinking /home/pranavkumar14/Documents/aerial_robo/projet_ros/devel/lib/libtinybson.a
Symlinking /home/pranavkumar14/Documents/aerial_robo/projet_ros/devel/lib/libmodules__attitude_estimator_q.a
Symlinking /home/pranavkumar14/Documents/aerial_robo/projet_ros/devel/lib/libecl_airdata.a
Symlinking /home/pranavkumar14/Documents/aerial_robo/projet_ros/devel/lib/libecl_l1.a
Symlinking /home/pranavkumar14/Documents/aerial_robo/projet_ros/devel/lib/libAttitudeControl.a
Symlinking /home/pranavkumar14/Documents/aerial_robo/projet_ros/devel/lib/libFlightTaskTransition.a
Symlinking /home/pranavkumar14/Documents/aerial_robo/projet_ros/devel/lib/libsystemcmds__tune_control.a
Symlinking /home/pranavkumar14/Documents/aerial_robo/projet_ros/devel/lib/liblaunchdetection.a
Symlinking /home/pranavkumar14/Documents/aerial_robo/projet_ros/devel/lib/libsystemcmds__esc_calib.a
Symlinking /home/pranavkumar14/Documents/aerial_robo/projet_ros/devel/lib/libpx4_daemon.a
Symlinking /home/pranavkumar14/Documents/aerial_robo/projet_ros/devel/lib/libmodules__sensors.a
Symlinking /home/pranavkumar14/Documents/aerial_robo/projet_ros/devel/lib/libdrivers__gps.a
Symlinking /home/pranavkumar14/Documents/aerial_robo/projet_ros/devel/lib/libdrivers_accelerometer.a
Symlinking /home/pranavkumar14/Documents/aerial_robo/projet_ros/devel/lib/libsystemcmds__tests__hrt_test.a
Symlinking /home/pranavkumar14/Documents/aerial_robo/projet_ros/devel/lib/libmodules__rover_pos_control.a
Symlinking /home/pranavkumar14/Documents/aerial_robo/projet_ros/devel/lib/libTakeoff.a
Symlinking /home/pranavkumar14/Documents/aerial_robo/projet_ros/devel/lib/libwork_queue.a
Symlinking /home/pranavkumar14/Documents/aerial_robo/projet_ros/devel/lib/libcontrollib.a
Symlinking /home/pranavkumar14/Documents/aerial_robo/projet_ros/devel/lib/liblockstep_scheduler.a
Symlinking /home/pranavkumar14/Documents/aerial_robo/projet_ros/devel/lib/libdf_driver_framework.a
Symlinking /home/pranavkumar14/Documents/aerial_robo/projet_ros/devel/lib/libmodules__load_mon.a
Symlinking /home/pranavkumar14/Documents/aerial_robo/projet_ros/devel/lib/libecl_attitude_fw.a
Symlinking /home/pranavkumar14/Documents/aerial_robo/projet_ros/devel/lib/libmodules__uORB__uORB_tests.a
Symlinking /home/pranavkumar14/Documents/aerial_robo/projet_ros/devel/lib/libexamples__rover_steering_control.a
Symlinking /home/pranavkumar14/Documents/aerial_robo/projet_ros/devel/lib/libecl_EKF.a
Symlinking /home/pranavkumar14/Documents/aerial_robo/projet_ros/devel/lib/libFlightTaskOffboard.a
Symlinking /home/pranavkumar14/Documents/aerial_robo/projet_ros/devel/lib/libFlightTaskAutoMapper2.a
Symlinking /home/pranavkumar14/Documents/aerial_robo/projet_ros/devel/lib/libmodules__fw_att_control.a
Symlinking /home/pranavkumar14/Documents/aerial_robo/projet_ros/devel/lib/libFlightTaskManualPosition.a
Symlinking /home/pranavkumar14/Documents/aerial_robo/projet_ros/devel/lib/libFlightTaskAuto.a
Symlinking /home/pranavkumar14/Documents/aerial_robo/projet_ros/devel/lib/libmodules__bottle_drop.a
Symlinking /home/pranavkumar14/Documents/aerial_robo/projet_ros/devel/lib/libWeatherVane.a
Symlinking /home/pranavkumar14/Documents/aerial_robo/projet_ros/devel/lib/libdrivers__vmount.a
Symlinking /home/pranavkumar14/Documents/aerial_robo/projet_ros/devel/lib/libsystemcmds__mixer.a
Symlinking /home/pranavkumar14/Documents/aerial_robo/projet_ros/devel/lib/liblib__rc__rc_tests.a
Symlinking /home/pranavkumar14/Documents/aerial_robo/projet_ros/devel/lib/libmodules__fw_pos_control_l1.a
Symlinking /home/pranavkumar14/Documents/aerial_robo/projet_ros/devel/lib/libmodules__dataman.a
Symlinking /home/pranavkumar14/Documents/aerial_robo/projet_ros/devel/lib/libmodules__commander__commander_tests.a
Symlinking /home/pranavkumar14/Documents/aerial_robo/projet_ros/devel/lib/libFlightTaskAutoLineSmoothVel.a
Symlinking /home/pranavkumar14/Documents/aerial_robo/projet_ros/devel/lib/libvehicle_acceleration.a
Symlinking /home/pranavkumar14/Documents/aerial_robo/projet_ros/devel/lib/libuorb_msgs.a
Symlinking /home/pranavkumar14/Documents/aerial_robo/projet_ros/devel/lib/libsystemlib.a
Symlinking /home/pranavkumar14/Documents/aerial_robo/projet_ros/devel/lib/libecl_geo.a
Symlinking /home/pranavkumar14/Documents/aerial_robo/projet_ros/devel/lib/libmodules__mavlink__mavlink_tests.a
Symlinking /home/pranavkumar14/Documents/aerial_robo/projet_ros/devel/lib/libsystemcmds__motor_ramp.a
Symlinking /home/pranavkumar14/Documents/aerial_robo/projet_ros/devel/lib/libdrivers__led.a
Symlinking /home/pranavkumar14/Documents/aerial_robo/projet_ros/devel/lib/liblanding_slope.a
Symlinking /home/pranavkumar14/Documents/aerial_robo/projet_ros/devel/lib/libsystemcmds__tests.a
Symlinking /home/pranavkumar14/Documents/aerial_robo/projet_ros/devel/lib/libvehicle_angular_velocity.a
Symlinking /home/pranavkumar14/Documents/aerial_robo/projet_ros/devel/lib/libdrivers_magnetometer.a
Symlinking /home/pranavkumar14/Documents/aerial_robo/projet_ros/devel/lib/libsystemcmds__top.a
Symlinking /home/pranavkumar14/Documents/aerial_robo/projet_ros/devel/lib/libmixer.a
Symlinking /home/pranavkumar14/Documents/aerial_robo/projet_ros/devel/lib/pkgconfig/px4.pc
Symlinking /home/pranavkumar14/Documents/aerial_robo/projet_ros/devel/lib/px4/px4-wqueue_test
Symlinking /home/pranavkumar14/Documents/aerial_robo/projet_ros/devel/lib/px4/px4-motor_test
Symlinking /home/pranavkumar14/Documents/aerial_robo/projet_ros/devel/lib/px4/px4-hello
Symlinking /home/pranavkumar14/Documents/aerial_robo/projet_ros/devel/lib/px4/px4-param
Symlinking /home/pranavkumar14/Documents/aerial_robo/projet_ros/devel/lib/px4/px4-bottle_drop
Symlinking /home/pranavkumar14/Documents/aerial_robo/projet_ros/devel/lib/px4/px4-cdev_test
Symlinking /home/pranavkumar14/Documents/aerial_robo/projet_ros/devel/lib/px4/px4-replay
Symlinking /home/pranavkumar14/Documents/aerial_robo/projet_ros/devel/lib/px4/px4-mixer
Symlinking /home/pranavkumar14/Documents/aerial_robo/projet_ros/devel/lib/px4/px4-esc_calib
Symlinking /home/pranavkumar14/Documents/aerial_robo/projet_ros/devel/lib/px4/px4-alias.sh
Symlinking /home/pranavkumar14/Documents/aerial_robo/projet_ros/devel/lib/px4/px4-fw_att_control
Symlinking /home/pranavkumar14/Documents/aerial_robo/projet_ros/devel/lib/px4/px4-rc_tests
Symlinking /home/pranavkumar14/Documents/aerial_robo/projet_ros/devel/lib/px4/px4-led_control
Symlinking /home/pranavkumar14/Documents/aerial_robo/projet_ros/devel/lib/px4/px4-rover_steering_control
Symlinking /home/pranavkumar14/Documents/aerial_robo/projet_ros/devel/lib/px4/px4-top
Symlinking /home/pranavkumar14/Documents/aerial_robo/projet_ros/devel/lib/px4/px4-uorb
Symlinking /home/pranavkumar14/Documents/aerial_robo/projet_ros/devel/lib/px4/px4-mc_pos_control
Symlinking /home/pranavkumar14/Documents/aerial_robo/projet_ros/devel/lib/px4/px4-ver
Symlinking /home/pranavkumar14/Documents/aerial_robo/projet_ros/devel/lib/px4/px4-tests
Symlinking /home/pranavkumar14/Documents/aerial_robo/projet_ros/devel/lib/px4/px4-rover_pos_control
Symlinking /home/pranavkumar14/Documents/aerial_robo/projet_ros/devel/lib/px4/px4-gpssim
Symlinking /home/pranavkumar14/Documents/aerial_robo/projet_ros/devel/lib/px4/px4-load_mon
Symlinking /home/pranavkumar14/Documents/aerial_robo/projet_ros/devel/lib/px4/px4-reboot
Symlinking /home/pranavkumar14/Documents/aerial_robo/projet_ros/devel/lib/px4/px4-commander
Symlinking /home/pranavkumar14/Documents/aerial_robo/projet_ros/devel/lib/px4/px4-mavlink
Symlinking /home/pranavkumar14/Documents/aerial_robo/projet_ros/devel/lib/px4/px4-tune_control
Symlinking /home/pranavkumar14/Documents/aerial_robo/projet_ros/devel/lib/px4/px4
Symlinking /home/pranavkumar14/Documents/aerial_robo/projet_ros/devel/lib/px4/px4-sensors
Symlinking /home/pranavkumar14/Documents/aerial_robo/projet_ros/devel/lib/px4/px4-px4_mavlink_debug
Symlinking /home/pranavkumar14/Documents/aerial_robo/projet_ros/devel/lib/px4/px4-fw_pos_control_l1
Symlinking /home/pranavkumar14/Documents/aerial_robo/projet_ros/devel/lib/px4/px4-controllib_test
Symlinking /home/pranavkumar14/Documents/aerial_robo/projet_ros/devel/lib/px4/px4-motor_ramp
Symlinking /home/pranavkumar14/Documents/aerial_robo/projet_ros/devel/lib/px4/px4-vtol_att_control
Symlinking /home/pranavkumar14/Documents/aerial_robo/projet_ros/devel/lib/px4/px4-pwm_out_sim
Symlinking /home/pranavkumar14/Documents/aerial_robo/projet_ros/devel/lib/px4/px4-attitude_estimator_q
Symlinking /home/pranavkumar14/Documents/aerial_robo/projet_ros/devel/lib/px4/px4-airspeed_selector
Symlinking /home/pranavkumar14/Documents/aerial_robo/projet_ros/devel/lib/px4/px4-shutdown
Symlinking /home/pranavkumar14/Documents/aerial_robo/projet_ros/devel/lib/px4/px4-tone_alarm
Symlinking /home/pranavkumar14/Documents/aerial_robo/projet_ros/devel/lib/px4/px4-local_position_estimator
Symlinking /home/pranavkumar14/Documents/aerial_robo/projet_ros/devel/lib/px4/px4-mc_att_control
Symlinking /home/pranavkumar14/Documents/aerial_robo/projet_ros/devel/lib/px4/px4-perf
Symlinking /home/pranavkumar14/Documents/aerial_robo/projet_ros/devel/lib/px4/px4-listener
Symlinking /home/pranavkumar14/Documents/aerial_robo/projet_ros/devel/lib/px4/px4-vmount
Symlinking /home/pranavkumar14/Documents/aerial_robo/projet_ros/devel/lib/px4/px4-px4_simple_app
Symlinking /home/pranavkumar14/Documents/aerial_robo/projet_ros/devel/lib/px4/px4-work_queue
Symlinking /home/pranavkumar14/Documents/aerial_robo/projet_ros/devel/lib/px4/px4-mavlink_tests
Symlinking /home/pranavkumar14/Documents/aerial_robo/projet_ros/devel/lib/px4/px4-pwm
Symlinking /home/pranavkumar14/Documents/aerial_robo/projet_ros/devel/lib/px4/px4-camera_trigger
Symlinking /home/pranavkumar14/Documents/aerial_robo/projet_ros/devel/lib/px4/px4-dataman
Symlinking /home/pranavkumar14/Documents/aerial_robo/projet_ros/devel/lib/px4/px4-land_detector
Symlinking /home/pranavkumar14/Documents/aerial_robo/projet_ros/devel/lib/px4/px4-dyn
Symlinking /home/pranavkumar14/Documents/aerial_robo/projet_ros/devel/lib/px4/px4-hrt_test
Symlinking /home/pranavkumar14/Documents/aerial_robo/projet_ros/devel/lib/px4/px4-commander_tests
Symlinking /home/pranavkumar14/Documents/aerial_robo/projet_ros/devel/lib/px4/px4-simulator
Symlinking /home/pranavkumar14/Documents/aerial_robo/projet_ros/devel/lib/px4/px4-ekf2
Symlinking /home/pranavkumar14/Documents/aerial_robo/projet_ros/devel/lib/px4/px4-send_event
Symlinking /home/pranavkumar14/Documents/aerial_robo/projet_ros/devel/lib/px4/px4-gps
Symlinking /home/pranavkumar14/Documents/aerial_robo/projet_ros/devel/lib/px4/px4-camera_feedback
Symlinking /home/pranavkumar14/Documents/aerial_robo/projet_ros/devel/lib/px4/px4-navigator
Symlinking /home/pranavkumar14/Documents/aerial_robo/projet_ros/devel/lib/px4/px4-sd_bench
Symlinking /home/pranavkumar14/Documents/aerial_robo/projet_ros/devel/lib/px4/px4-uorb_tests
Symlinking /home/pranavkumar14/Documents/aerial_robo/projet_ros/devel/lib/px4/px4-logger
Symlinking /home/pranavkumar14/Documents/aerial_robo/projet_ros/devel/lib/px4/px4-landing_target_estimator
Symlinking /home/pranavkumar14/Documents/aerial_robo/projet_ros/devel/lib/px4/px4-ex_fixedwing_control
Symlinking /home/pranavkumar14/Documents/aerial_robo/projet_ros/devel/share/px4/cmake/px4Config.cmake
Symlinking /home/pranavkumar14/Documents/aerial_robo/projet_ros/devel/share/px4/cmake/px4Config-version.cmake
