Determining if the pthread_create exist failed with the following output:
Change Dir: /home/pranavkumar14/Documents/aerial_robo/projet_ros/build/px4/CMakeFiles/CMakeTmp

Run Build Command:"/usr/bin/make" "cmTC_cb4a9/fast"
/usr/bin/make -f CMakeFiles/cmTC_cb4a9.dir/build.make CMakeFiles/cmTC_cb4a9.dir/build
make[1]: Entering directory '/home/pranavkumar14/Documents/aerial_robo/projet_ros/build/px4/CMakeFiles/CMakeTmp'
Building C object CMakeFiles/cmTC_cb4a9.dir/CheckSymbolExists.c.o
/usr/bin/cc -DcmTC_cb4a9_EXPORTS  -fPIE   -o CMakeFiles/cmTC_cb4a9.dir/CheckSymbolExists.c.o   -c /home/pranavkumar14/Documents/aerial_robo/projet_ros/build/px4/CMakeFiles/CMakeTmp/CheckSymbolExists.c
Linking C executable cmTC_cb4a9
/usr/bin/cmake -E cmake_link_script CMakeFiles/cmTC_cb4a9.dir/link.txt --verbose=1
/usr/bin/cc      -Wl,--export-dynamic -rdynamic CMakeFiles/cmTC_cb4a9.dir/CheckSymbolExists.c.o  -o cmTC_cb4a9 
CMakeFiles/cmTC_cb4a9.dir/CheckSymbolExists.c.o: In function `main':
CheckSymbolExists.c:(.text+0x1b): undefined reference to `pthread_create'
collect2: error: ld returned 1 exit status
CMakeFiles/cmTC_cb4a9.dir/build.make:97: recipe for target 'cmTC_cb4a9' failed
make[1]: *** [cmTC_cb4a9] Error 1
make[1]: Leaving directory '/home/pranavkumar14/Documents/aerial_robo/projet_ros/build/px4/CMakeFiles/CMakeTmp'
Makefile:126: recipe for target 'cmTC_cb4a9/fast' failed
make: *** [cmTC_cb4a9/fast] Error 2

File /home/pranavkumar14/Documents/aerial_robo/projet_ros/build/px4/CMakeFiles/CMakeTmp/CheckSymbolExists.c:
/* */
#include <pthread.h>

int main(int argc, char** argv)
{
  (void)argv;
#ifndef pthread_create
  return ((int*)(&pthread_create))[argc];
#else
  (void)argc;
  return 0;
#endif
}

Determining if the function pthread_create exists in the pthreads failed with the following output:
Change Dir: /home/pranavkumar14/Documents/aerial_robo/projet_ros/build/px4/CMakeFiles/CMakeTmp

Run Build Command:"/usr/bin/make" "cmTC_1e70f/fast"
/usr/bin/make -f CMakeFiles/cmTC_1e70f.dir/build.make CMakeFiles/cmTC_1e70f.dir/build
make[1]: Entering directory '/home/pranavkumar14/Documents/aerial_robo/projet_ros/build/px4/CMakeFiles/CMakeTmp'
Building C object CMakeFiles/cmTC_1e70f.dir/CheckFunctionExists.c.o
/usr/bin/cc -DcmTC_1e70f_EXPORTS  -DCHECK_FUNCTION_EXISTS=pthread_create -fPIE   -o CMakeFiles/cmTC_1e70f.dir/CheckFunctionExists.c.o   -c /usr/share/cmake-3.10/Modules/CheckFunctionExists.c
Linking C executable cmTC_1e70f
/usr/bin/cmake -E cmake_link_script CMakeFiles/cmTC_1e70f.dir/link.txt --verbose=1
/usr/bin/cc  -DCHECK_FUNCTION_EXISTS=pthread_create    -Wl,--export-dynamic -rdynamic CMakeFiles/cmTC_1e70f.dir/CheckFunctionExists.c.o  -o cmTC_1e70f -lpthreads 
/usr/bin/ld: cannot find -lpthreads
collect2: error: ld returned 1 exit status
CMakeFiles/cmTC_1e70f.dir/build.make:97: recipe for target 'cmTC_1e70f' failed
make[1]: *** [cmTC_1e70f] Error 1
make[1]: Leaving directory '/home/pranavkumar14/Documents/aerial_robo/projet_ros/build/px4/CMakeFiles/CMakeTmp'
Makefile:126: recipe for target 'cmTC_1e70f/fast' failed
make: *** [cmTC_1e70f/fast] Error 2


